<?xml version="1.0" encoding="UTF-8"?>
<!-- Generated by org.testng.reporters.JUnitReportReporter -->
<testsuite hostname="IT" failures="0" tests="1" name="GoogleTest" time="4.922" errors="0" timestamp="2025-06-12T12:11:35 IST" skipped="0">
  <testcase classname="GoogleTest" name="HomePageCheck" time="4.922"/>
  <system-out/>
</testsuite> <!-- GoogleTest -->
