<?xml version="1.0" encoding="UTF-8"?>
<!-- Generated by org.testng.reporters.JUnitReportReporter -->
<testsuite hostname="IT" failures="0" tests="1" name="dataDriven.excelDataProvider.Excel" time="0.602" errors="0" timestamp="2025-06-18T23:09:25 IST" skipped="0">
  <testcase classname="dataDriven.excelDataProvider.Excel" name="getData" time="0.602"/>
  <system-out/>
</testsuite> <!-- dataDriven.excelDataProvider.Excel -->
